\BOOKMARK [0][-]{part.1}{\376\377\000I\000\040\174\373\176\337\151\202\217\360}{}% 1
\BOOKMARK [1][-]{section.1}{\376\377\145\207\150\143\151\202\217\360}{part.1}% 2
\BOOKMARK [1][-]{section.2}{\376\377\174\373\176\337\147\266\147\204}{part.1}% 3
\BOOKMARK [1][-]{section.3}{\376\377\174\373\176\337\135\345\117\134\155\101\172\013}{part.1}% 4
\BOOKMARK [2][-]{subsection.3.1}{\376\377\145\164\117\123\155\101\172\013}{section.3}% 5
\BOOKMARK [2][-]{subsection.3.2}{\376\377\145\160\143\156\155\101}{section.3}% 6
\BOOKMARK [0][-]{part.2}{\376\377\000I\000I\000\040\000C\000o\000m\000p\000o\000n\000e\000n\000t\000s\000\040\152\041\127\127}{}% 7
\BOOKMARK [1][-]{section.4}{\376\377\000C\000o\000m\000p\000o\000n\000e\000n\000t\000s\000\040\152\041\127\127\151\202\217\360}{part.2}% 8
\BOOKMARK [1][-]{section.5}{\376\377\000O\000p\000e\000r\000a\000t\000o\000r\000\040\174\173}{part.2}% 9
\BOOKMARK [2][-]{subsection.5.1}{\376\377\174\173\133\232\116\111\117\115\177\156}{section.5}% 10
\BOOKMARK [2][-]{subsection.5.2}{\376\377\122\237\200\375\151\202\217\360}{section.5}% 11
\BOOKMARK [2][-]{subsection.5.3}{\376\377\121\163\225\056\134\136\140\047}{section.5}% 12
\BOOKMARK [2][-]{subsection.5.4}{\376\377\213\346\176\306\213\364\146\016}{section.5}% 13
\BOOKMARK [3][-]{subsubsection.5.4.1}{\376\377\000\137\000\137\000i\000n\000i\000t\000\137\000\137\000\040\145\271\154\325}{subsection.5.4}% 14
\BOOKMARK [3][-]{subsubsection.5.4.2}{\376\377\217\320\210\114\145\366\133\127\153\265}{subsection.5.4}% 15
\BOOKMARK [2][-]{subsection.5.5}{\376\377\000B\000e\000n\000c\000h\000m\000a\000r\000k\000\040\174\173}{section.5}% 16
\BOOKMARK [1][-]{section.6}{\376\377\000Q\000u\000e\000r\000y\000\040\174\173}{part.2}% 17
\BOOKMARK [2][-]{subsection.6.1}{\376\377\174\173\133\232\116\111\117\115\177\156}{section.6}% 18
\BOOKMARK [2][-]{subsection.6.2}{\376\377\122\237\200\375\151\202\217\360}{section.6}% 19
\BOOKMARK [2][-]{subsection.6.3}{\376\377\121\163\225\056\134\136\140\047}{section.6}% 20
\BOOKMARK [2][-]{subsection.6.4}{\376\377\000o\000p\000\137\000o\000u\000t\000p\000u\000t\000\040\133\127\121\170}{section.6}% 21
\BOOKMARK [1][-]{section.7}{\376\377\000M\000o\000d\000e\000l\000C\000o\000n\000f\000i\000g\000\040\174\173}{part.2}% 22
\BOOKMARK [2][-]{subsection.7.1}{\376\377\174\173\133\232\116\111\117\115\177\156}{section.7}% 23
\BOOKMARK [2][-]{subsection.7.2}{\376\377\122\237\200\375\151\202\217\360}{section.7}% 24
\BOOKMARK [2][-]{subsection.7.3}{\376\377\121\163\225\056\134\136\140\047}{section.7}% 25
\BOOKMARK [1][-]{section.8}{\376\377\000E\000x\000e\000c\000u\000t\000e\000I\000n\000f\000o\000\040\174\173}{part.2}% 26
\BOOKMARK [2][-]{subsection.8.1}{\376\377\174\173\133\232\116\111\117\115\177\156}{section.8}% 27
\BOOKMARK [2][-]{subsection.8.2}{\376\377\122\237\200\375\151\202\217\360}{section.8}% 28
\BOOKMARK [2][-]{subsection.8.3}{\376\377\174\173\133\232\116\111}{section.8}% 29
\BOOKMARK [0][-]{part.3}{\376\377\000I\000I\000I\000\040\000P\000a\000r\000s\000e\000r\000\040\152\041\127\127}{}% 30
\BOOKMARK [1][-]{section.9}{\376\377\000P\000a\000r\000s\000e\000r\000\040\152\041\127\127\151\202\217\360}{part.3}% 31
\BOOKMARK [1][-]{section.10}{\376\377\000Y\000A\000M\000L\000\040\221\115\177\156\150\074\137\017}{part.3}% 32
\BOOKMARK [2][-]{subsection.10.1}{\376\377\127\372\147\054\176\323\147\204}{section.10}% 33
\BOOKMARK [1][-]{section.11}{\376\377\150\070\137\303\121\375\145\160}{part.3}% 34
\BOOKMARK [2][-]{subsection.11.1}{\376\377\000b\000u\000i\000l\000d\000\137\000o\000p\000s\000\137\000f\000r\000o\000m\000\137\000c\000o\000n\000f\000i\000g}{section.11}% 35
\BOOKMARK [3][-]{subsubsection.11.1.1}{\376\377\142\147\210\114\155\101\172\013}{subsection.11.1}% 36
\BOOKMARK [2][-]{subsection.11.2}{\376\377\000\137\000c\000o\000m\000p\000u\000t\000e\000\137\000m\000a\000x\000\137\000d\000i\000s\000t\000a\000n\000c\000e\000s}{section.11}% 37
\BOOKMARK [3][-]{subsubsection.11.2.1}{\376\377\122\237\200\375}{subsection.11.2}% 38
\BOOKMARK [3][-]{subsubsection.11.2.2}{\376\377\173\227\154\325\377\032\000D\000F\000S\000\040\000+\000\040\213\260\137\306\123\026}{subsection.11.2}% 39
\BOOKMARK [0][-]{part.4}{\376\377\000I\000V\000\040\000S\000c\000h\000e\000d\000u\000l\000e\000r\000s\000\040\152\041\127\127}{}% 40
\BOOKMARK [1][-]{section.12}{\376\377\000S\000c\000h\000e\000d\000u\000l\000e\000r\000s\000\040\152\041\127\127\151\202\217\360}{part.4}% 41
\BOOKMARK [1][-]{section.13}{\376\377\214\003\136\246\126\150\143\245\123\343}{part.4}% 42
\BOOKMARK [1][-]{section.14}{\376\377\214\003\136\246\173\126\165\145\213\346\211\343}{part.4}% 43
\BOOKMARK [2][-]{subsection.14.1}{\376\377\000s\000c\000h\000e\000d\000u\000l\000e\000\137\000r\000r\377\032\217\156\213\342\214\003\136\246}{section.14}% 44
\BOOKMARK [2][-]{subsection.14.2}{\376\377\000s\000c\000h\000e\000d\000u\000l\000e\000\137\000b\000y\000\137\000l\000e\000v\000e\000l\000s\377\032\134\102\176\247\214\003\136\246}{section.14}% 45
\BOOKMARK [2][-]{subsection.14.3}{\376\377\000s\000c\000h\000e\000d\000u\000l\000e\000\137\000c\000o\000l\000o\000c\000a\000t\000e\000\137\000p\000a\000r\000e\000n\000t\000s\377\032\162\066\202\202\160\271\121\161\177\156\214\003\136\246}{section.14}% 46
\BOOKMARK [2][-]{subsection.14.4}{\376\377\000s\000c\000h\000e\000d\000u\000l\000e\000\137\000d\000p\377\032\145\160\143\156\136\166\210\114\214\003\136\246}{section.14}% 47
\BOOKMARK [2][-]{subsection.14.5}{\376\377\000s\000c\000h\000e\000d\000u\000l\000e\000\137\000h\000e\000u\000r\000i\000s\000t\000i\000c\377\032\124\057\123\321\137\017\214\003\136\246}{section.14}% 48
\BOOKMARK [2][-]{subsection.14.6}{\376\377\000s\000c\000h\000e\000d\000u\000l\000e\000\137\000s\000e\000a\000r\000c\000h\377\032\000B\000e\000a\000m\000-\000S\000e\000a\000r\000c\000h\000\040\214\003\136\246}{section.14}% 49
\BOOKMARK [1][-]{section.15}{\376\377\214\003\136\246\126\150\133\371\153\324}{part.4}% 50
\BOOKMARK [0][-]{part.5}{\376\377\000V\000\040\000O\000p\000t\000i\000m\000i\000z\000e\000r\000s\000\040\152\041\127\127}{}% 51
\BOOKMARK [1][-]{section.16}{\376\377\000O\000p\000t\000i\000m\000i\000z\000e\000r\000s\000\040\152\041\127\127\151\202\217\360}{part.5}% 52
\BOOKMARK [1][-]{section.17}{\376\377\000O\000p\000t\000i\000m\000i\000z\000e\000r\000\040\174\173}{part.5}% 53
\BOOKMARK [2][-]{subsection.17.1}{\376\377\122\035\131\313\123\026}{section.17}% 54
\BOOKMARK [2][-]{subsection.17.2}{\376\377\000e\000x\000e\000c\000u\000t\000e\000\040\145\271\154\325}{section.17}% 55
\BOOKMARK [3][-]{subsubsection.17.2.1}{\376\377\117\235\215\126\121\163\174\373\117\335\213\301\147\072\122\066}{subsection.17.2}% 56
\BOOKMARK [3][-]{subsubsection.17.2.2}{\376\377\121\163\225\056\217\205\122\251\121\375\145\160}{subsection.17.2}% 57
\BOOKMARK [0][-]{part.6}{\376\377\000V\000I\000\040\000W\000o\000r\000k\000e\000r\000s\000\040\152\041\127\127}{}% 58
\BOOKMARK [1][-]{section.18}{\376\377\000W\000o\000r\000k\000e\000r\000s\000\040\152\041\127\127\151\202\217\360}{part.6}% 59
\BOOKMARK [1][-]{section.19}{\376\377\000v\000L\000L\000M\000W\000o\000r\000k\000e\000r\000\040\174\173}{part.6}% 60
\BOOKMARK [2][-]{subsection.19.1}{\376\377\122\035\131\313\123\026}{section.19}% 61
\BOOKMARK [2][-]{subsection.19.2}{\376\377\000i\000n\000i\000t\000\137\000o\000p\000\040\145\271\154\325}{section.19}% 62
\BOOKMARK [3][-]{subsubsection.19.2.1}{\376\377\152\041\127\213\122\007\143\142\220\073\217\221}{subsection.19.2}% 63
\BOOKMARK [2][-]{subsection.19.3}{\376\377\000e\000x\000e\000c\000u\000t\000e\000\040\145\271\154\325}{section.19}% 64
\BOOKMARK [3][-]{subsubsection.19.3.1}{\376\377\142\147\210\114\155\101\172\013}{subsection.19.3}% 65
\BOOKMARK [2][-]{subsection.19.4}{\376\377\000r\000u\000n\000\040\145\271\154\325}{section.19}% 66
\BOOKMARK [0][-]{part.7}{\376\377\000V\000I\000I\000\040\000U\000t\000i\000l\000\040\152\041\127\127}{}% 67
\BOOKMARK [1][-]{section.20}{\376\377\000U\000t\000i\000l\000\040\152\041\127\127\151\202\217\360}{part.7}% 68
\BOOKMARK [1][-]{section.21}{\376\377\121\375\145\160\213\346\211\343}{part.7}% 69
\BOOKMARK [2][-]{subsection.21.1}{\376\377\000\137\000r\000e\000s\000o\000l\000v\000e\000\137\000d\000t\000y\000p\000e}{section.21}% 70
\BOOKMARK [2][-]{subsection.21.2}{\376\377\000\137\000v\000i\000s\000i\000b\000l\000e\000\137\000p\000h\000y\000s\000i\000c\000a\000l\000\137\000g\000p\000u\000\137\000i\000d\000s}{section.21}% 71
\BOOKMARK [0][-]{part.8}{\376\377\000V\000I\000I\000I\000\040\117\177\165\050\143\007\123\127}{}% 72
\BOOKMARK [1][-]{section.22}{\376\377\127\372\147\054\117\177\165\050}{part.8}% 73
\BOOKMARK [1][-]{section.23}{\376\377\140\047\200\375\117\030\123\026\136\372\213\256}{part.8}% 74
\BOOKMARK [2][-]{subsection.23.1}{\376\377\214\003\136\246\173\126\165\145\220\011\142\351}{section.23}% 75
\BOOKMARK [1][-]{section.24}{\376\377\140\073\176\323}{part.8}% 76
